<?xml version="1.0" encoding="UTF-8"?>
<robot generator="Robot 3.2.2 (Python 3.8.5 on win32)" generated="20200911 15:16:03.793" rpa="false">
<suite id="s1" name="testsuiteA" source="C:\Users\chiheb\eclipse-workspace\test_apprentissage\begin\testsuiteA.robot">
<kw name="Log" library="BuiltIn" type="setup">
<doc>Logs the given message with the given level.</doc>
<arguments>
<arg>i am oin test suites setup</arg>
</arguments>
<msg timestamp="20200911 15:16:04.249" level="INFO">i am oin test suites setup</msg>
<status status="PASS" starttime="20200911 15:16:04.249" endtime="20200911 15:16:04.249"></status>
</kw>
<test id="s1-t1" name="first test">
<kw name="Log" library="BuiltIn" type="setup">
<doc>Logs the given message with the given level.</doc>
<arguments>
<arg>i am in setup tescase</arg>
</arguments>
<msg timestamp="20200911 15:16:04.251" level="INFO">i am in setup tescase</msg>
<status status="PASS" starttime="20200911 15:16:04.251" endtime="20200911 15:16:04.251"></status>
</kw>
<kw name="Log" library="BuiltIn">
<doc>Logs the given message with the given level.</doc>
<arguments>
<arg>Hello word</arg>
</arguments>
<msg timestamp="20200911 15:16:04.253" level="INFO">Hello word</msg>
<status status="PASS" starttime="20200911 15:16:04.252" endtime="20200911 15:16:04.253"></status>
</kw>
<kw name="Log" library="BuiltIn" type="teardown">
<doc>Logs the given message with the given level.</doc>
<arguments>
<arg>i am in tear down casetest</arg>
</arguments>
<msg timestamp="20200911 15:16:04.254" level="INFO">i am in tear down casetest</msg>
<status status="PASS" starttime="20200911 15:16:04.254" endtime="20200911 15:16:04.254"></status>
</kw>
<tags>
<tag>sanity</tag>
</tags>
<status status="PASS" starttime="20200911 15:16:04.250" endtime="20200911 15:16:04.255" critical="yes"></status>
</test>
<test id="s1-t2" name="secodn test">
<kw name="Log" library="BuiltIn" type="setup">
<doc>Logs the given message with the given level.</doc>
<arguments>
<arg>i am in setup tescase</arg>
</arguments>
<msg timestamp="20200911 15:16:04.262" level="INFO">i am in setup tescase</msg>
<status status="PASS" starttime="20200911 15:16:04.261" endtime="20200911 15:16:04.262"></status>
</kw>
<kw name="StartBrowser">
<kw name="Open Browser" library="SeleniumLibrary">
<doc>Opens a new browser instance to the optional ``url``.</doc>
<arguments>
<arg>${URL}</arg>
<arg>chrome</arg>
</arguments>
<msg timestamp="20200911 15:16:04.264" level="INFO">Opening browser 'chrome' to base url 'https://www.google.com'.</msg>
<status status="PASS" starttime="20200911 15:16:04.264" endtime="20200911 15:16:09.654"></status>
</kw>
<kw name="Set Browser Implicit Wait" library="SeleniumLibrary">
<doc>Sets the implicit wait value used by Selenium.</doc>
<arguments>
<arg>5</arg>
</arguments>
<status status="PASS" starttime="20200911 15:16:09.655" endtime="20200911 15:16:09.658"></status>
</kw>
<status status="PASS" starttime="20200911 15:16:04.263" endtime="20200911 15:16:09.658"></status>
</kw>
<kw name="Input Text" library="SeleniumLibrary">
<doc>Types the given ``text`` into the text field identified by ``locator``.</doc>
<arguments>
<arg>name=q</arg>
<arg>${newScalar}[1]</arg>
</arguments>
<msg timestamp="20200911 15:16:09.660" level="INFO">Typing text 'facbook.com' into text field 'name=q'.</msg>
<status status="PASS" starttime="20200911 15:16:09.659" endtime="20200911 15:16:09.920"></status>
</kw>
<kw name="Press Keys" library="SeleniumLibrary">
<doc>Simulates the user pressing key(s) to an element or on the active browser.</doc>
<arguments>
<arg>name=q</arg>
<arg>ENTER</arg>
</arguments>
<msg timestamp="20200911 15:16:09.922" level="INFO">Sending key(s) ('ENTER',) to name=q element.</msg>
<msg timestamp="20200911 15:16:10.491" level="INFO">Pressing special key ENTER to element.</msg>
<msg timestamp="20200911 15:16:10.491" level="INFO">Releasing special key ENTER.</msg>
<status status="PASS" starttime="20200911 15:16:09.921" endtime="20200911 15:16:10.503"></status>
</kw>
<kw name="Sleep" library="BuiltIn">
<doc>Pauses the test executed for the given time.</doc>
<arguments>
<arg>2</arg>
</arguments>
<msg timestamp="20200911 15:16:12.506" level="INFO">Slept 2 seconds</msg>
<status status="PASS" starttime="20200911 15:16:10.504" endtime="20200911 15:16:12.506"></status>
</kw>
<kw name="Close Browser" library="SeleniumLibrary">
<doc>Closes the current browser.</doc>
<status status="PASS" starttime="20200911 15:16:12.507" endtime="20200911 15:16:14.683"></status>
</kw>
<kw name="Log" library="BuiltIn">
<doc>Logs the given message with the given level.</doc>
<arguments>
<arg>this test is executed by %{username} on %{os}</arg>
</arguments>
<msg timestamp="20200911 15:16:14.686" level="INFO">this test is executed by chiheb on Windows_NT</msg>
<status status="PASS" starttime="20200911 15:16:14.685" endtime="20200911 15:16:14.687"></status>
</kw>
<kw name="Log" library="BuiltIn" type="teardown">
<doc>Logs the given message with the given level.</doc>
<arguments>
<arg>i am in tear down casetest</arg>
</arguments>
<msg timestamp="20200911 15:16:14.689" level="INFO">i am in tear down casetest</msg>
<status status="PASS" starttime="20200911 15:16:14.688" endtime="20200911 15:16:14.689"></status>
</kw>
<tags>
<tag>smoke</tag>
</tags>
<status status="PASS" starttime="20200911 15:16:04.258" endtime="20200911 15:16:14.690" critical="yes"></status>
</test>
<test id="s1-t3" name="Third test">
<kw name="Log" library="BuiltIn" type="setup">
<doc>Logs the given message with the given level.</doc>
<arguments>
<arg>i am in setup tescase</arg>
</arguments>
<msg timestamp="20200911 15:16:14.698" level="INFO">i am in setup tescase</msg>
<status status="PASS" starttime="20200911 15:16:14.698" endtime="20200911 15:16:14.698"></status>
</kw>
<kw name="Log" library="BuiltIn">
<doc>Logs the given message with the given level.</doc>
<arguments>
<arg>iam in third test</arg>
</arguments>
<msg timestamp="20200911 15:16:14.700" level="INFO">iam in third test</msg>
<status status="PASS" starttime="20200911 15:16:14.699" endtime="20200911 15:16:14.700"></status>
</kw>
<kw name="Log" library="BuiltIn" type="teardown">
<doc>Logs the given message with the given level.</doc>
<arguments>
<arg>i am in tear down casetest</arg>
</arguments>
<msg timestamp="20200911 15:16:14.703" level="INFO">i am in tear down casetest</msg>
<status status="PASS" starttime="20200911 15:16:14.702" endtime="20200911 15:16:14.703"></status>
</kw>
<tags>
<tag>sanity</tag>
</tags>
<status status="PASS" starttime="20200911 15:16:14.696" endtime="20200911 15:16:14.704" critical="yes"></status>
</test>
<kw name="Log" library="BuiltIn" type="teardown">
<doc>Logs the given message with the given level.</doc>
<arguments>
<arg>iam in tear down setup</arg>
</arguments>
<msg timestamp="20200911 15:16:14.711" level="INFO">iam in tear down setup</msg>
<status status="PASS" starttime="20200911 15:16:14.711" endtime="20200911 15:16:14.712"></status>
</kw>
<status status="PASS" starttime="20200911 15:16:03.795" endtime="20200911 15:16:14.712"></status>
</suite>
<statistics>
<total>
<stat pass="3" fail="0">Critical Tests</stat>
<stat pass="3" fail="0">All Tests</stat>
</total>
<tag>
<stat pass="2" fail="0">sanity</stat>
<stat pass="1" fail="0">smoke</stat>
</tag>
<suite>
<stat pass="3" fail="0" id="s1" name="testsuiteA">testsuiteA</stat>
</suite>
</statistics>
<errors>
</errors>
</robot>
